        -:    0:Source:dominion.c
        -:    0:Graph:dominion.gcno
        -:    0:Data:dominion.gcda
        -:    0:Runs:1
        -:    0:Programs:1
        -:    1:#include "dominion.h"
        -:    2:#include "dominion_helpers.h"
        -:    3:#include "rngs.h"
        -:    4:#include <stdio.h>
        -:    5:#include <math.h>
        -:    6:#include <stdlib.h>
        -:    7:
    #####:    8:int compare(const void* a, const void* b) {
    #####:    9:  if (*(int*)a > *(int*)b)
    #####:   10:    return 1;
    #####:   11:  if (*(int*)a < *(int*)b)
    #####:   12:    return -1;
    #####:   13:  return 0;
        -:   14:}
        -:   15:
    #####:   16:struct gameState* newGame() {
    #####:   17:  struct gameState* g = malloc(sizeof(struct gameState));
    #####:   18:  return g;
        -:   19:}
        -:   20:
    #####:   21:int* kingdomCards(int k1, int k2, int k3, int k4, int k5, int k6, int k7,
        -:   22:		  int k8, int k9, int k10) {
    #####:   23:  int* k = malloc(10 * sizeof(int));
    #####:   24:  k[0] = k1;
    #####:   25:  k[1] = k2;
    #####:   26:  k[2] = k3;
    #####:   27:  k[3] = k4;
    #####:   28:  k[4] = k5;
    #####:   29:  k[5] = k6;
    #####:   30:  k[6] = k7;
    #####:   31:  k[7] = k8;
    #####:   32:  k[8] = k9;
    #####:   33:  k[9] = k10;
    #####:   34:  return k;
        -:   35:}
        -:   36:
    #####:   37:int initializeGame(int numPlayers, int kingdomCards[10], int randomSeed,
        -:   38:		   struct gameState *state) {
        -:   39:
        -:   40:  int i;
        -:   41:  int j;
        -:   42:  int it;			
        -:   43:  //set up random number generator
    #####:   44:  SelectStream(1);
    #####:   45:  PutSeed((long)randomSeed);
        -:   46:  
        -:   47:  //check number of players
    #####:   48:  if (numPlayers > MAX_PLAYERS || numPlayers < 2)
        -:   49:    {
    #####:   50:      return -1;
        -:   51:    }
        -:   52:
        -:   53:  //set number of players
    #####:   54:  state->numPlayers = numPlayers;
        -:   55:
        -:   56:  //check selected kingdom cards are different
    #####:   57:  for (i = 0; i < 10; i++)
        -:   58:    {
    #####:   59:      for (j = 0; j < 10; j++)
        -:   60:        {
    #####:   61:	  if (j != i && kingdomCards[j] == kingdomCards[i])
        -:   62:	    {
    #####:   63:	      return -1;
        -:   64:	    }
        -:   65:        }
        -:   66:    }
        -:   67:
        -:   68:
        -:   69:  //initialize supply
        -:   70:  ///////////////////////////////
        -:   71:
        -:   72:  //set number of Curse cards
    #####:   73:  if (numPlayers == 2)
        -:   74:    {
    #####:   75:      state->supplyCount[curse] = 10;
        -:   76:    }
    #####:   77:  else if (numPlayers == 3)
        -:   78:    {
    #####:   79:      state->supplyCount[curse] = 20;
        -:   80:    }
        -:   81:  else
        -:   82:    {
    #####:   83:      state->supplyCount[curse] = 30;
        -:   84:    }
        -:   85:
        -:   86:  //set number of Victory cards
    #####:   87:  if (numPlayers == 2)
        -:   88:    {
    #####:   89:      state->supplyCount[estate] = 8;
    #####:   90:      state->supplyCount[duchy] = 8;
    #####:   91:      state->supplyCount[province] = 8;
        -:   92:    }
        -:   93:  else
        -:   94:    {
    #####:   95:      state->supplyCount[estate] = 12;
    #####:   96:      state->supplyCount[duchy] = 12;
    #####:   97:      state->supplyCount[province] = 12;
        -:   98:    }
        -:   99:
        -:  100:  //set number of Treasure cards
    #####:  101:  state->supplyCount[copper] = 60 - (7 * numPlayers);
    #####:  102:  state->supplyCount[silver] = 40;
    #####:  103:  state->supplyCount[gold] = 30;
        -:  104:
        -:  105:  //set number of Kingdom cards
    #####:  106:  for (i = adventurer; i <= treasure_map; i++)       	//loop all cards
        -:  107:    {
    #####:  108:      for (j = 0; j < 10; j++)           		//loop chosen cards
        -:  109:	{
    #####:  110:	  if (kingdomCards[j] == i)
        -:  111:	    {
        -:  112:	      //check if card is a 'Victory' Kingdom card
    #####:  113:	      if (kingdomCards[j] == great_hall || kingdomCards[j] == gardens)
        -:  114:		{
    #####:  115:		  if (numPlayers == 2){ 
    #####:  116:		    state->supplyCount[i] = 8; 
        -:  117:		  }
    #####:  118:		  else{ state->supplyCount[i] = 12; }
        -:  119:		}
        -:  120:	      else
        -:  121:		{
    #####:  122:		  state->supplyCount[i] = 10;
        -:  123:		}
    #####:  124:	      break;
        -:  125:	    }
        -:  126:	  else    //card is not in the set choosen for the game
        -:  127:	    {
    #####:  128:	      state->supplyCount[i] = -1;
        -:  129:	    }
        -:  130:	}
        -:  131:
        -:  132:    }
        -:  133:
        -:  134:  ////////////////////////
        -:  135:  //supply intilization complete
        -:  136:
        -:  137:  //set player decks
    #####:  138:  for (i = 0; i < numPlayers; i++)
        -:  139:    {
    #####:  140:      state->deckCount[i] = 0;
    #####:  141:      for (j = 0; j < 3; j++)
        -:  142:	{
    #####:  143:	  state->deck[i][j] = estate;
    #####:  144:	  state->deckCount[i]++;
        -:  145:	}
    #####:  146:      for (j = 3; j < 10; j++)
        -:  147:	{
    #####:  148:	  state->deck[i][j] = copper;
    #####:  149:	  state->deckCount[i]++;		
        -:  150:	}
        -:  151:    }
        -:  152:
        -:  153:  //shuffle player decks
    #####:  154:  for (i = 0; i < numPlayers; i++)
        -:  155:    {
    #####:  156:      if ( shuffle(i, state) < 0 )
        -:  157:	{
    #####:  158:	  return -1;
        -:  159:	}
        -:  160:    }
        -:  161:
        -:  162:  //draw player hands
    #####:  163:  for (i = 0; i < numPlayers; i++)
        -:  164:    {  
        -:  165:      //initialize hand size to zero
    #####:  166:      state->handCount[i] = 0;
    #####:  167:      state->discardCount[i] = 0;
        -:  168:      //draw 5 cards
        -:  169:      // for (j = 0; j < 5; j++)
        -:  170:      //	{
        -:  171:      //	  drawCard(i, state);
        -:  172:      //	}
        -:  173:    }
        -:  174:  
        -:  175:  //set embargo tokens to 0 for all supply piles
    #####:  176:  for (i = 0; i <= treasure_map; i++)
        -:  177:    {
    #####:  178:      state->embargoTokens[i] = 0;
        -:  179:    }
        -:  180:
        -:  181:  //initialize first player's turn
    #####:  182:  state->outpostPlayed = 0;
    #####:  183:  state->phase = 0;
    #####:  184:  state->numActions = 1;
    #####:  185:  state->numBuys = 1;
    #####:  186:  state->playedCardCount = 0;
    #####:  187:  state->whoseTurn = 0;
    #####:  188:  state->handCount[state->whoseTurn] = 0;
        -:  189:  //int it; move to top
        -:  190:
        -:  191:  //Moved draw cards to here, only drawing at the start of a turn
    #####:  192:  for (it = 0; it < 5; it++){
    #####:  193:    drawCard(state->whoseTurn, state);
        -:  194:  }
        -:  195:
    #####:  196:  updateCoins(state->whoseTurn, state, 0);
        -:  197:
    #####:  198:  return 0;
        -:  199:}
        -:  200:
    #####:  201:int shuffle(int player, struct gameState *state) {
        -:  202: 
        -:  203:
        -:  204:  int newDeck[MAX_DECK];
    #####:  205:  int newDeckPos = 0;
        -:  206:  int card;
        -:  207:  int i;
        -:  208:
    #####:  209:  if (state->deckCount[player] < 1)
    #####:  210:    return -1;
    #####:  211:  qsort ((void*)(state->deck[player]), state->deckCount[player], sizeof(int), compare); 
        -:  212:  /* SORT CARDS IN DECK TO ENSURE DETERMINISM! */
        -:  213:
    #####:  214:  while (state->deckCount[player] > 0) {
    #####:  215:    card = floor(Random() * state->deckCount[player]);
    #####:  216:    newDeck[newDeckPos] = state->deck[player][card];
    #####:  217:    newDeckPos++;
    #####:  218:    for (i = card; i < state->deckCount[player]-1; i++) {
    #####:  219:      state->deck[player][i] = state->deck[player][i+1];
        -:  220:    }
    #####:  221:    state->deckCount[player]--;
        -:  222:  }
    #####:  223:  for (i = 0; i < newDeckPos; i++) {
    #####:  224:    state->deck[player][i] = newDeck[i];
    #####:  225:    state->deckCount[player]++;
        -:  226:  }
        -:  227:
    #####:  228:  return 0;
        -:  229:}
        -:  230:
    #####:  231:int playCard(int handPos, int choice1, int choice2, int choice3, struct gameState *state) 
        -:  232:{	
        -:  233:  int card;
    #####:  234:  int coin_bonus = 0; 		//tracks coins gain from actions
        -:  235:
        -:  236:  //check if it is the right phase
    #####:  237:  if (state->phase != 0)
        -:  238:    {
    #####:  239:      return -1;
        -:  240:    }
        -:  241:	
        -:  242:  //check if player has enough actions
    #####:  243:  if ( state->numActions < 1 )
        -:  244:    {
    #####:  245:      return -1;
        -:  246:    }
        -:  247:	
        -:  248:  //get card played
    #####:  249:  card = handCard(handPos, state);
        -:  250:	
        -:  251:  //check if selected card is an action
    #####:  252:  if ( card < adventurer || card > treasure_map )
        -:  253:    {
    #####:  254:      return -1;
        -:  255:    }
        -:  256:	
        -:  257:  //play card
    #####:  258:  if ( cardEffect(card, choice1, choice2, choice3, state, handPos, &coin_bonus) < 0 )
        -:  259:    {
    #####:  260:      return -1;
        -:  261:    }
        -:  262:	
        -:  263:  //reduce number of actions
    #####:  264:  state->numActions--;
        -:  265:
        -:  266:  //update coins (Treasure cards may be added with card draws)
    #####:  267:  updateCoins(state->whoseTurn, state, coin_bonus);
        -:  268:	
    #####:  269:  return 0;
        -:  270:}
        -:  271:
    #####:  272:int buyCard(int supplyPos, struct gameState *state) {
        -:  273:  int who;
        -:  274:  if (DEBUG){
        -:  275:    printf("Entering buyCard...\n");
        -:  276:  }
        -:  277:
        -:  278:  // I don't know what to do about the phase thing.
        -:  279:
    #####:  280:  who = state->whoseTurn;
        -:  281:
    #####:  282:  if (state->numBuys < 1){
        -:  283:    if (DEBUG)
        -:  284:      printf("You do not have any buys left\n");
    #####:  285:    return -1;
    #####:  286:  } else if (supplyCount(supplyPos, state) <1){
        -:  287:    if (DEBUG)
        -:  288:      printf("There are not any of that type of card left\n");
    #####:  289:    return -1;
    #####:  290:  } else if (state->coins < getCost(supplyPos)){
        -:  291:    if (DEBUG) 
        -:  292:      printf("You do not have enough money to buy that. You have %d coins.\n", state->coins);
    #####:  293:    return -1;
        -:  294:  } else {
    #####:  295:    state->phase=1;
        -:  296:    //state->supplyCount[supplyPos]--;
    #####:  297:    gainCard(supplyPos, state, 0, who); //card goes in discard, this might be wrong.. (2 means goes into hand, 0 goes into discard)
        -:  298:  
    #####:  299:    state->coins = (state->coins) - (getCost(supplyPos));
    #####:  300:    state->numBuys--;
        -:  301:    if (DEBUG)
        -:  302:      printf("You bought card number %d for %d coins. You now have %d buys and %d coins.\n", supplyPos, getCost(supplyPos), state->numBuys, state->coins);
        -:  303:  }
        -:  304:
        -:  305:  //state->discard[who][state->discardCount[who]] = supplyPos;
        -:  306:  //state->discardCount[who]++;
        -:  307:    
    #####:  308:  return 0;
        -:  309:}
        -:  310:
    #####:  311:int numHandCards(struct gameState *state) {
    #####:  312:  return state->handCount[ whoseTurn(state) ];
        -:  313:}
        -:  314:
    #####:  315:int handCard(int handPos, struct gameState *state) {
    #####:  316:  int currentPlayer = whoseTurn(state);
    #####:  317:  return state->hand[currentPlayer][handPos];
        -:  318:}
        -:  319:
    #####:  320:int supplyCount(int card, struct gameState *state) {
    #####:  321:  return state->supplyCount[card];
        -:  322:}
        -:  323:
    #####:  324:int fullDeckCount(int player, int card, struct gameState *state) {
        -:  325:  int i;
    #####:  326:  int count = 0;
        -:  327:
    #####:  328:  for (i = 0; i < state->deckCount[player]; i++)
        -:  329:    {
    #####:  330:      if (state->deck[player][i] == card) count++;
        -:  331:    }
        -:  332:
    #####:  333:  for (i = 0; i < state->handCount[player]; i++)
        -:  334:    {
    #####:  335:      if (state->hand[player][i] == card) count++;
        -:  336:    }
        -:  337:
    #####:  338:  for (i = 0; i < state->discardCount[player]; i++)
        -:  339:    {
    #####:  340:      if (state->discard[player][i] == card) count++;
        -:  341:    }
        -:  342:
    #####:  343:  return count;
        -:  344:}
        -:  345:
    20000:  346:int whoseTurn(struct gameState *state) {
    20000:  347:  return state->whoseTurn;
        -:  348:}
        -:  349:
    #####:  350:int endTurn(struct gameState *state) {
        -:  351:  int k;
        -:  352:  int i;
    #####:  353:  int currentPlayer = whoseTurn(state);
        -:  354:  
        -:  355:  //Discard hand
    #####:  356:  for (i = 0; i < state->handCount[currentPlayer]; i++){
    #####:  357:    state->discard[currentPlayer][state->discardCount[currentPlayer]++] = state->hand[currentPlayer][i];//Discard
    #####:  358:    state->hand[currentPlayer][i] = -1;//Set card to -1
        -:  359:  }
    #####:  360:  state->handCount[currentPlayer] = 0;//Reset hand count
        -:  361:    
        -:  362:  //Code for determining the player
    #####:  363:  if (currentPlayer < (state->numPlayers - 1)){ 
    #####:  364:    state->whoseTurn = currentPlayer + 1;//Still safe to increment
        -:  365:  }
        -:  366:  else{
    #####:  367:    state->whoseTurn = 0;//Max player has been reached, loop back around to player 1
        -:  368:  }
        -:  369:
    #####:  370:  state->outpostPlayed = 0;
    #####:  371:  state->phase = 0;
    #####:  372:  state->numActions = 1;
    #####:  373:  state->coins = 0;
    #####:  374:  state->numBuys = 1;
    #####:  375:  state->playedCardCount = 0;
    #####:  376:  state->handCount[state->whoseTurn] = 0;
        -:  377:
        -:  378:  //int k; move to top
        -:  379:  //Next player draws hand
    #####:  380:  for (k = 0; k < 5; k++){
    #####:  381:    drawCard(state->whoseTurn, state);//Draw a card
        -:  382:  }
        -:  383:
        -:  384:  //Update money
    #####:  385:  updateCoins(state->whoseTurn, state , 0);
        -:  386:
    #####:  387:  return 0;
        -:  388:}
        -:  389:
    #####:  390:int isGameOver(struct gameState *state) {
        -:  391:  int i;
        -:  392:  int j;
        -:  393:	
        -:  394:  //if stack of Province cards is empty, the game ends
    #####:  395:  if (state->supplyCount[province] == 0)
        -:  396:    {
    #####:  397:      return 1;
        -:  398:    }
        -:  399:
        -:  400:  //if three supply pile are at 0, the game ends
    #####:  401:  j = 0;
    #####:  402:  for (i = 0; i < 25; i++)
        -:  403:    {
    #####:  404:      if (state->supplyCount[i] == 0)
        -:  405:	{
    #####:  406:	  j++;
        -:  407:	}
        -:  408:    }
    #####:  409:  if ( j >= 3)
        -:  410:    {
    #####:  411:      return 1;
        -:  412:    }
        -:  413:
    #####:  414:  return 0;
        -:  415:}
        -:  416:
    #####:  417:int scoreFor (int player, struct gameState *state) {
        -:  418:
        -:  419:  int i;
    #####:  420:  int score = 0;
        -:  421:  //score from hand
    #####:  422:  for (i = 0; i < state->handCount[player]; i++)
        -:  423:    {
    #####:  424:      if (state->hand[player][i] == curse) { score = score - 1; };
    #####:  425:      if (state->hand[player][i] == estate) { score = score + 1; };
    #####:  426:      if (state->hand[player][i] == duchy) { score = score + 3; };
    #####:  427:      if (state->hand[player][i] == province) { score = score + 6; };
    #####:  428:      if (state->hand[player][i] == great_hall) { score = score + 1; };
    #####:  429:      if (state->hand[player][i] == gardens) { score = score + ( fullDeckCount(player, 0, state) / 10 ); };
        -:  430:    }
        -:  431:
        -:  432:  //score from discard
    #####:  433:  for (i = 0; i < state->discardCount[player]; i++)
        -:  434:    {
    #####:  435:      if (state->discard[player][i] == curse) { score = score - 1; };
    #####:  436:      if (state->discard[player][i] == estate) { score = score + 1; };
    #####:  437:      if (state->discard[player][i] == duchy) { score = score + 3; };
    #####:  438:      if (state->discard[player][i] == province) { score = score + 6; };
    #####:  439:      if (state->discard[player][i] == great_hall) { score = score + 1; };
    #####:  440:      if (state->discard[player][i] == gardens) { score = score + ( fullDeckCount(player, 0, state) / 10 ); };
        -:  441:    }
        -:  442:
        -:  443:  //score from deck
    #####:  444:  for (i = 0; i < state->discardCount[player]; i++)
        -:  445:    {
    #####:  446:      if (state->deck[player][i] == curse) { score = score - 1; };
    #####:  447:      if (state->deck[player][i] == estate) { score = score + 1; };
    #####:  448:      if (state->deck[player][i] == duchy) { score = score + 3; };
    #####:  449:      if (state->deck[player][i] == province) { score = score + 6; };
    #####:  450:      if (state->deck[player][i] == great_hall) { score = score + 1; };
    #####:  451:      if (state->deck[player][i] == gardens) { score = score + ( fullDeckCount(player, 0, state) / 10 ); };
        -:  452:    }
        -:  453:
    #####:  454:  return score;
        -:  455:}
        -:  456:
    #####:  457:int getWinners(int players[MAX_PLAYERS], struct gameState *state) {
        -:  458:  int i;	
        -:  459:  int j;
        -:  460:  int highScore;
        -:  461:  int currentPlayer;
        -:  462:
        -:  463:  //get score for each player
    #####:  464:  for (i = 0; i < MAX_PLAYERS; i++)
        -:  465:    {
        -:  466:      //set unused player scores to -9999
    #####:  467:      if (i >= state->numPlayers)
        -:  468:	{
    #####:  469:	  players[i] = -9999;
        -:  470:	}
        -:  471:      else
        -:  472:	{
    #####:  473:	  players[i] = scoreFor (i, state);
        -:  474:	}
        -:  475:    }
        -:  476:
        -:  477:  //find highest score
    #####:  478:  j = 0;
    #####:  479:  for (i = 0; i < MAX_PLAYERS; i++)
        -:  480:    {
    #####:  481:      if (players[i] > players[j])
        -:  482:	{
    #####:  483:	  j = i;
        -:  484:	}
        -:  485:    }
    #####:  486:  highScore = players[j];
        -:  487:
        -:  488:  //add 1 to players who had less turns
    #####:  489:  currentPlayer = whoseTurn(state);
    #####:  490:  for (i = 0; i < MAX_PLAYERS; i++)
        -:  491:    {
    #####:  492:      if ( players[i] == highScore && i > currentPlayer )
        -:  493:	{
    #####:  494:	  players[i]++;
        -:  495:	}
        -:  496:    }
        -:  497:
        -:  498:  //find new highest score
    #####:  499:  j = 0;
    #####:  500:  for (i = 0; i < MAX_PLAYERS; i++)
        -:  501:    {
    #####:  502:      if ( players[i] > players[j] )
        -:  503:	{
    #####:  504:	  j = i;
        -:  505:	}
        -:  506:    }
    #####:  507:  highScore = players[j];
        -:  508:
        -:  509:  //set winners in array to 1 and rest to 0
    #####:  510:  for (i = 0; i < MAX_PLAYERS; i++)
        -:  511:    {
    #####:  512:      if ( players[i] == highScore )
        -:  513:	{
    #####:  514:	  players[i] = 1;
        -:  515:	}
        -:  516:      else
        -:  517:	{
    #####:  518:	  players[i] = 0;
        -:  519:	}
        -:  520:    }
        -:  521:
    #####:  522:  return 0;
        -:  523:}
        -:  524:
  2525556:  525:int drawCard(int player, struct gameState *state)
        -:  526:{	int count;
        -:  527:  int deckCounter;
  2525556:  528:  if (state->deckCount[player] <= 0){//Deck is empty
        -:  529:    
        -:  530:    //Step 1 Shuffle the discard pile back into a deck
        -:  531:    int i;
        -:  532:    //Move discard to deck
    #####:  533:    for (i = 0; i < state->discardCount[player];i++){
    #####:  534:      state->deck[player][i] = state->discard[player][i];
    #####:  535:      state->discard[player][i] = -1;
        -:  536:    }
        -:  537:
    #####:  538:    state->deckCount[player] = state->discardCount[player];
    #####:  539:    state->discardCount[player] = 0;//Reset discard
        -:  540:
        -:  541:    //Shufffle the deck
    #####:  542:    shuffle(player, state);//Shuffle the deck up and make it so that we can draw
        -:  543:   
        -:  544:    if (DEBUG){//Debug statements
        -:  545:      printf("Deck count now: %d\n", state->deckCount[player]);
        -:  546:    }
        -:  547:    
    #####:  548:    state->discardCount[player] = 0;
        -:  549:
        -:  550:    //Step 2 Draw Card
    #####:  551:    count = state->handCount[player];//Get current player's hand count
        -:  552:    
        -:  553:    if (DEBUG){//Debug statements
        -:  554:      printf("Current hand count: %d\n", count);
        -:  555:    }
        -:  556:    
    #####:  557:    deckCounter = state->deckCount[player];//Create a holder for the deck count
        -:  558:
    #####:  559:    if (deckCounter == 0)
    #####:  560:      return -1;
        -:  561:
    #####:  562:    state->hand[player][count] = state->deck[player][deckCounter - 1];//Add card to hand
    #####:  563:    state->deckCount[player]--;
    #####:  564:    state->handCount[player]++;//Increment hand count
        -:  565:  }
        -:  566:
        -:  567:  else{
  2525556:  568:    int count = state->handCount[player];//Get current hand count for player
        -:  569:    int deckCounter;
        -:  570:    if (DEBUG){//Debug statements
        -:  571:      printf("Current hand count: %d\n", count);
        -:  572:    }
        -:  573:
  2525556:  574:    deckCounter = state->deckCount[player];//Create holder for the deck count
  2525556:  575:    state->hand[player][count] = state->deck[player][deckCounter - 1];//Add card to the hand
  2525556:  576:    state->deckCount[player]--;
  2525556:  577:    state->handCount[player]++;//Increment hand count
        -:  578:  }
        -:  579:
  2525556:  580:  return 0;
        -:  581:}
        -:  582:
    #####:  583:int getCost(int cardNumber)
        -:  584:{
    #####:  585:  switch( cardNumber ) 
        -:  586:    {
        -:  587:    case curse:
    #####:  588:      return 0;
        -:  589:    case estate:
    #####:  590:      return 2;
        -:  591:    case duchy:
    #####:  592:      return 5;
        -:  593:    case province:
    #####:  594:      return 8;
        -:  595:    case copper:
    #####:  596:      return 0;
        -:  597:    case silver:
    #####:  598:      return 3;
        -:  599:    case gold:
    #####:  600:      return 6;
        -:  601:    case adventurer:
    #####:  602:      return 6;
        -:  603:    case council_room:
    #####:  604:      return 5;
        -:  605:    case feast:
    #####:  606:      return 4;
        -:  607:    case gardens:
    #####:  608:      return 4;
        -:  609:    case mine:
    #####:  610:      return 5;
        -:  611:    case remodel:
    #####:  612:      return 4;
        -:  613:    case smithy:
    #####:  614:      return 4;
        -:  615:    case village:
    #####:  616:      return 3;
        -:  617:    case baron:
    #####:  618:      return 4;
        -:  619:    case great_hall:
    #####:  620:      return 3;
        -:  621:    case minion:
    #####:  622:      return 5;
        -:  623:    case steward:
    #####:  624:      return 3;
        -:  625:    case tribute:
    #####:  626:      return 5;
        -:  627:    case ambassador:
    #####:  628:      return 3;
        -:  629:    case cutpurse:
    #####:  630:      return 4;
        -:  631:    case embargo: 
    #####:  632:      return 2;
        -:  633:    case outpost:
    #####:  634:      return 5;
        -:  635:    case salvager:
    #####:  636:      return 4;
        -:  637:    case sea_hag:
    #####:  638:      return 4;
        -:  639:    case treasure_map:
    #####:  640:      return 4;
        -:  641:    }
        -:  642:	
    #####:  643:  return -1;
        -:  644:}
        -:  645:
    10000:  646:int cardEffect(int card, int choice1, int choice2, int choice3, struct gameState *state, int handPos, int *bonus)
        -:  647:{
        -:  648:  int i;
        -:  649:  int j;
        -:  650:  int k;
        -:  651:  int x;
        -:  652:  int index;
    10000:  653:  int currentPlayer = whoseTurn(state);
    10000:  654:  int nextPlayer = currentPlayer + 1;
        -:  655:
    10000:  656:  int tributeRevealedCards[2] = {-1, -1};
        -:  657:  int temphand[MAX_HAND];// moved above the if statement
        -:  658:  //int drawntreasure=0;
        -:  659:  //int cardDrawn;
        -:  660:  //int z = 0;// this is the counter for the temp hand
    10000:  661:  if (nextPlayer > (state->numPlayers - 1)){
     4977:  662:    nextPlayer = 0;
        -:  663:  }
        -:  664:  
        -:  665:	
        -:  666:  //uses switch to select card and perform actions
    10000:  667:  switch( card ) 
        -:  668:    {
        -:  669:    case adventurer:
    10000:  670:      return adventurer_func(handPos, state);
        -:  671:			
        -:  672:    case council_room:
        -:  673:      //+4 Cards
    #####:  674:      for (i = 0; i < 4; i++)
        -:  675:	{
    #####:  676:	  drawCard(currentPlayer, state);
        -:  677:	}
        -:  678:			
        -:  679:      //+1 Buy
    #####:  680:      state->numBuys++;
        -:  681:			
        -:  682:      //Each other player draws a card
    #####:  683:      for (i = 0; i < state->numPlayers; i++)
        -:  684:	{
    #####:  685:	  if ( i != currentPlayer )
        -:  686:	    {
    #####:  687:	      drawCard(i, state);
        -:  688:	    }
        -:  689:	}
        -:  690:			
        -:  691:      //put played card in played card pile
    #####:  692:      discardCard(handPos, currentPlayer, state, 0);
        -:  693:			
    #####:  694:      return 0;
        -:  695:			
        -:  696:    case feast:
        -:  697:      //gain card with cost up to 5
        -:  698:      //Backup hand
    #####:  699:      for (i = 0; i <= state->handCount[currentPlayer]; i++){
    #####:  700:	temphand[i] = state->hand[currentPlayer][i];//Backup card
    #####:  701:	state->hand[currentPlayer][i] = -1;//Set to nothing
        -:  702:      }
        -:  703:      //Backup hand
        -:  704:
        -:  705:      //Update Coins for Buy
    #####:  706:      updateCoins(currentPlayer, state, 5);
    #####:  707:      x = 1;//Condition to loop on
    #####:  708:      while( x == 1) {//Buy one card
    #####:  709:	if (supplyCount(choice1, state) <= 0){
        -:  710:	  if (DEBUG)
        -:  711:	    printf("None of that card left, sorry!\n");
        -:  712:
        -:  713:	  if (DEBUG){
        -:  714:	    printf("Cards Left: %d\n", supplyCount(choice1, state));
        -:  715:	  }
        -:  716:	}
    #####:  717:	else if (state->coins < getCost(choice1)){
    #####:  718:	  printf("That card is too expensive!\n");
        -:  719:
        -:  720:	  if (DEBUG){
        -:  721:	    printf("Coins: %d < %d\n", state->coins, getCost(choice1));
        -:  722:	  }
        -:  723:	}
        -:  724:	else{
        -:  725:
        -:  726:	  if (DEBUG){
        -:  727:	    printf("Deck Count: %d\n", state->handCount[currentPlayer] + state->deckCount[currentPlayer] + state->discardCount[currentPlayer]);
        -:  728:	  }
        -:  729:
    #####:  730:	  gainCard(choice1, state, 0, currentPlayer);//Gain the card
    #####:  731:	  x = 0;//No more buying cards
        -:  732:
        -:  733:	  if (DEBUG){
        -:  734:	    printf("Deck Count: %d\n", state->handCount[currentPlayer] + state->deckCount[currentPlayer] + state->discardCount[currentPlayer]);
        -:  735:	  }
        -:  736:
        -:  737:	}
        -:  738:      }     
        -:  739:
        -:  740:      //Reset Hand
    #####:  741:      for (i = 0; i <= state->handCount[currentPlayer]; i++){
    #####:  742:	state->hand[currentPlayer][i] = temphand[i];
    #####:  743:	temphand[i] = -1;
        -:  744:      }
        -:  745:      //Reset Hand
        -:  746:      			
    #####:  747:      return 0;
        -:  748:			
        -:  749:    case gardens:
    #####:  750:      return -1;
        -:  751:			
        -:  752:    case mine:
    #####:  753:      j = state->hand[currentPlayer][choice1];  //store card we will trash
        -:  754:
    #####:  755:      if (state->hand[currentPlayer][choice1] < copper || state->hand[currentPlayer][choice1] > gold)
        -:  756:	{
    #####:  757:	  return -1;
        -:  758:	}
        -:  759:		
    #####:  760:      if (choice2 > treasure_map || choice2 < curse)
        -:  761:	{
    #####:  762:	  return -1;
        -:  763:	}
        -:  764:
    #####:  765:      if ( (getCost(state->hand[currentPlayer][choice1]) + 3) > getCost(choice2) )
        -:  766:	{
    #####:  767:	  return -1;
        -:  768:	}
        -:  769:
    #####:  770:      gainCard(choice2, state, 2, currentPlayer);
        -:  771:
        -:  772:      //discard card from hand
    #####:  773:      discardCard(handPos, currentPlayer, state, 0);
        -:  774:
        -:  775:      //discard trashed card
    #####:  776:      for (i = 0; i < state->handCount[currentPlayer]; i++)
        -:  777:	{
    #####:  778:	  if (state->hand[currentPlayer][i] == j)
        -:  779:	    {
    #####:  780:	      discardCard(i, currentPlayer, state, 0);			
    #####:  781:	      break;
        -:  782:	    }
        -:  783:	}
        -:  784:			
    #####:  785:      return 0;
        -:  786:			
        -:  787:    case remodel:
    #####:  788:      j = state->hand[currentPlayer][choice1];  //store card we will trash
        -:  789:
    #####:  790:      if ( (getCost(state->hand[currentPlayer][choice1]) + 2) > getCost(choice2) )
        -:  791:	{
    #####:  792:	  return -1;
        -:  793:	}
        -:  794:
    #####:  795:      gainCard(choice2, state, 0, currentPlayer);
        -:  796:
        -:  797:      //discard card from hand
    #####:  798:      discardCard(handPos, currentPlayer, state, 0);
        -:  799:
        -:  800:      //discard trashed card
    #####:  801:      for (i = 0; i < state->handCount[currentPlayer]; i++)
        -:  802:	{
    #####:  803:	  if (state->hand[currentPlayer][i] == j)
        -:  804:	    {
    #####:  805:	      discardCard(i, currentPlayer, state, 0);			
    #####:  806:	      break;
        -:  807:	    }
        -:  808:	}
        -:  809:
    #####:  810:      return 0;
        -:  811:		
        -:  812:    case smithy:
    #####:  813:      return smithy_func(handPos, state);
        -:  814:
        -:  815:    case village:
    #####:  816:      return village_func(handPos, state);
        -:  817:		
        -:  818:    case baron:
    #####:  819:      state->numBuys++;//Increase buys by 1!
    #####:  820:      if (choice1 > 0){//Boolean true or going to discard an estate
    #####:  821:	int p = 0;//Iterator for hand!
    #####:  822:	int card_not_discarded = 1;//Flag for discard set!
    #####:  823:	while(card_not_discarded){
    #####:  824:	  if (state->hand[currentPlayer][p] == estate){//Found an estate card!
    #####:  825:	    state->coins += 4;//Add 4 coins to the amount of coins
    #####:  826:	    state->discard[currentPlayer][state->discardCount[currentPlayer]] = state->hand[currentPlayer][p];
    #####:  827:	    state->discardCount[currentPlayer]++;
    #####:  828:	    for (;p < state->handCount[currentPlayer]; p++){
    #####:  829:	      state->hand[currentPlayer][p] = state->hand[currentPlayer][p+1];
        -:  830:	    }
    #####:  831:	    state->hand[currentPlayer][state->handCount[currentPlayer]] = -1;
    #####:  832:	    state->handCount[currentPlayer]--;
    #####:  833:	    card_not_discarded = 0;//Exit the loop
        -:  834:	  }
    #####:  835:	  else if (p > state->handCount[currentPlayer]){
        -:  836:	    if(DEBUG) {
        -:  837:	      printf("No estate cards in your hand, invalid choice\n");
        -:  838:	      printf("Must gain an estate if there are any\n");
        -:  839:	    }
    #####:  840:	    if (supplyCount(estate, state) > 0){
    #####:  841:	      gainCard(estate, state, 0, currentPlayer);
    #####:  842:	      state->supplyCount[estate]--;//Decrement estates
    #####:  843:	      if (supplyCount(estate, state) == 0){
    #####:  844:		isGameOver(state);
        -:  845:	      }
        -:  846:	    }
    #####:  847:	    card_not_discarded = 0;//Exit the loop
        -:  848:	  }
        -:  849:			    
        -:  850:	  else{
    #####:  851:	    p++;//Next card
        -:  852:	  }
        -:  853:	}
        -:  854:      }
        -:  855:			    
        -:  856:      else{
    #####:  857:	if (supplyCount(estate, state) > 0){
    #####:  858:	  gainCard(estate, state, 0, currentPlayer);//Gain an estate
    #####:  859:	  state->supplyCount[estate]--;//Decrement Estates
    #####:  860:	  if (supplyCount(estate, state) == 0){
    #####:  861:	    isGameOver(state);
        -:  862:	  }
        -:  863:	}
        -:  864:      }
        -:  865:	    
        -:  866:      
    #####:  867:      return 0;
        -:  868:		
        -:  869:    case great_hall:
        -:  870:      //+1 Card
    #####:  871:      drawCard(currentPlayer, state);
        -:  872:			
        -:  873:      //+1 Actions
    #####:  874:      state->numActions++;
        -:  875:			
        -:  876:      //discard card from hand
    #####:  877:      discardCard(handPos, currentPlayer, state, 0);
    #####:  878:      return 0;
        -:  879:		
        -:  880:    case minion:
        -:  881:      //+1 action
    #####:  882:      state->numActions++;
        -:  883:			
        -:  884:      //discard card from hand
    #####:  885:      discardCard(handPos, currentPlayer, state, 0);
        -:  886:			
    #####:  887:      if (choice1)		//+2 coins
        -:  888:	{
    #####:  889:	  state->coins = state->coins + 2;
        -:  890:	}
        -:  891:			
    #####:  892:      else if (choice2)		//discard hand, redraw 4, other players with 5+ cards discard hand and draw 4
        -:  893:	{
        -:  894:	  //discard hand
    #####:  895:	  while(numHandCards(state) > 0)
        -:  896:	    {
    #####:  897:	      discardCard(handPos, currentPlayer, state, 0);
        -:  898:	    }
        -:  899:				
        -:  900:	  //draw 4
    #####:  901:	  for (i = 0; i < 4; i++)
        -:  902:	    {
    #####:  903:	      drawCard(currentPlayer, state);
        -:  904:	    }
        -:  905:				
        -:  906:	  //other players discard hand and redraw if hand size > 4
    #####:  907:	  for (i = 0; i < state->numPlayers; i++)
        -:  908:	    {
    #####:  909:	      if (i != currentPlayer)
        -:  910:		{
    #####:  911:		  if ( state->handCount[i] > 4 )
        -:  912:		    {
        -:  913:		      //discard hand
    #####:  914:		      while( state->handCount[i] > 0 )
        -:  915:			{
    #####:  916:			  discardCard(handPos, i, state, 0);
        -:  917:			}
        -:  918:							
        -:  919:		      //draw 4
    #####:  920:		      for (j = 0; j < 4; j++)
        -:  921:			{
    #####:  922:			  drawCard(i, state);
        -:  923:			}
        -:  924:		    }
        -:  925:		}
        -:  926:	    }
        -:  927:				
        -:  928:	}
    #####:  929:      return 0;
        -:  930:		
        -:  931:    case steward:
    #####:  932:      if (choice1 == 1)
        -:  933:	{
        -:  934:	  //+2 cards
    #####:  935:	  drawCard(currentPlayer, state);
    #####:  936:	  drawCard(currentPlayer, state);
        -:  937:	}
    #####:  938:      else if (choice1 == 2)
        -:  939:	{
        -:  940:	  //+2 coins
    #####:  941:	  state->coins = state->coins + 2;
        -:  942:	}
        -:  943:      else
        -:  944:	{
        -:  945:	  //trash 2 cards in hand
    #####:  946:	  discardCard(choice2, currentPlayer, state, 1);
    #####:  947:	  discardCard(choice3, currentPlayer, state, 1);
        -:  948:	}
        -:  949:			
        -:  950:      //discard card from hand
    #####:  951:      discardCard(handPos, currentPlayer, state, 0);
    #####:  952:      return 0;
        -:  953:		
        -:  954:    case tribute:
    #####:  955:      if ((state->discardCount[nextPlayer] + state->deckCount[nextPlayer]) <= 1){
    #####:  956:	if (state->deckCount[nextPlayer] > 0){
    #####:  957:	  tributeRevealedCards[0] = state->deck[nextPlayer][state->deckCount[nextPlayer]-1];
    #####:  958:	  state->deckCount[nextPlayer]--;
        -:  959:	}
    #####:  960:	else if (state->discardCount[nextPlayer] > 0){
    #####:  961:	  tributeRevealedCards[0] = state->discard[nextPlayer][state->discardCount[nextPlayer]-1];
    #####:  962:	  state->discardCount[nextPlayer]--;
        -:  963:	}
        -:  964:	else{
        -:  965:	  //No Card to Reveal
        -:  966:	  if (DEBUG){
        -:  967:	    printf("No cards to reveal\n");
        -:  968:	  }
        -:  969:	}
        -:  970:      }
        -:  971:	    
        -:  972:      else{
    #####:  973:	if (state->deckCount[nextPlayer] == 0){
    #####:  974:	  for (i = 0; i < state->discardCount[nextPlayer]; i++){
    #####:  975:	    state->deck[nextPlayer][i] = state->discard[nextPlayer][i];//Move to deck
    #####:  976:	    state->deckCount[nextPlayer]++;
    #####:  977:	    state->discard[nextPlayer][i] = -1;
    #####:  978:	    state->discardCount[nextPlayer]--;
        -:  979:	  }
        -:  980:			    
    #####:  981:	  shuffle(nextPlayer,state);//Shuffle the deck
        -:  982:	} 
    #####:  983:	tributeRevealedCards[0] = state->deck[nextPlayer][state->deckCount[nextPlayer]-1];
    #####:  984:	state->deck[nextPlayer][state->deckCount[nextPlayer]--] = -1;
    #####:  985:	state->deckCount[nextPlayer]--;
    #####:  986:	tributeRevealedCards[1] = state->deck[nextPlayer][state->deckCount[nextPlayer]-1];
    #####:  987:	state->deck[nextPlayer][state->deckCount[nextPlayer]--] = -1;
    #####:  988:	state->deckCount[nextPlayer]--;
        -:  989:      }    
        -:  990:		       
    #####:  991:      if (tributeRevealedCards[0] == tributeRevealedCards[1]){//If we have a duplicate card, just drop one 
    #####:  992:	state->playedCards[state->playedCardCount] = tributeRevealedCards[1];
    #####:  993:	state->playedCardCount++;
    #####:  994:	tributeRevealedCards[1] = -1;
        -:  995:      }
        -:  996:
    #####:  997:      for (i = 0; i <= 2; i ++){
    #####:  998:	if (tributeRevealedCards[i] == copper || tributeRevealedCards[i] == silver || tributeRevealedCards[i] == gold){//Treasure cards
    #####:  999:	  state->coins += 2;
        -: 1000:	}
        -: 1001:		    
    #####: 1002:	else if (tributeRevealedCards[i] == estate || tributeRevealedCards[i] == duchy || tributeRevealedCards[i] == province || tributeRevealedCards[i] == gardens || tributeRevealedCards[i] == great_hall){//Victory Card Found
    #####: 1003:	  drawCard(currentPlayer, state);
    #####: 1004:	  drawCard(currentPlayer, state);
        -: 1005:	}
        -: 1006:	else{//Action Card
    #####: 1007:	  state->numActions = state->numActions + 2;
        -: 1008:	}
        -: 1009:      }
        -: 1010:	    
    #####: 1011:      return 0;
        -: 1012:		
        -: 1013:    case ambassador:
    #####: 1014:      j = 0;		//used to check if player has enough cards to discard
        -: 1015:
    #####: 1016:      if (choice2 > 2 || choice2 < 0)
        -: 1017:	{
    #####: 1018:	  return -1;				
        -: 1019:	}
        -: 1020:
    #####: 1021:      if (choice1 == handPos)
        -: 1022:	{
    #####: 1023:	  return -1;
        -: 1024:	}
        -: 1025:
    #####: 1026:      for (i = 0; i < state->handCount[currentPlayer]; i++)
        -: 1027:	{
    #####: 1028:	  if (i != handPos && i == state->hand[currentPlayer][choice1] && i != choice1)
        -: 1029:	    {
    #####: 1030:	      j++;
        -: 1031:	    }
        -: 1032:	}
    #####: 1033:      if (j < choice2)
        -: 1034:	{
    #####: 1035:	  return -1;				
        -: 1036:	}
        -: 1037:
        -: 1038:      if (DEBUG) 
        -: 1039:	printf("Player %d reveals card number: %d\n", currentPlayer, state->hand[currentPlayer][choice1]);
        -: 1040:
        -: 1041:      //increase supply count for choosen card by amount being discarded
    #####: 1042:      state->supplyCount[state->hand[currentPlayer][choice1]] += choice2;
        -: 1043:			
        -: 1044:      //each other player gains a copy of revealed card
    #####: 1045:      for (i = 0; i < state->numPlayers; i++)
        -: 1046:	{
    #####: 1047:	  if (i != currentPlayer)
        -: 1048:	    {
    #####: 1049:	      gainCard(state->hand[currentPlayer][choice1], state, 0, i);
        -: 1050:	    }
        -: 1051:	}
        -: 1052:
        -: 1053:      //discard played card from hand
    #####: 1054:      discardCard(handPos, currentPlayer, state, 0);			
        -: 1055:
        -: 1056:      //trash copies of cards returned to supply
    #####: 1057:      for (j = 0; j < choice2; j++)
        -: 1058:	{
    #####: 1059:	  for (i = 0; i < state->handCount[currentPlayer]; i++)
        -: 1060:	    {
    #####: 1061:	      if (state->hand[currentPlayer][i] == state->hand[currentPlayer][choice1])
        -: 1062:		{
    #####: 1063:		  discardCard(i, currentPlayer, state, 1);
    #####: 1064:		  break;
        -: 1065:		}
        -: 1066:	    }
        -: 1067:	}			
        -: 1068:
    #####: 1069:      return 0;
        -: 1070:		
        -: 1071:    case cutpurse:
        -: 1072:
    #####: 1073:      updateCoins(currentPlayer, state, 2);
    #####: 1074:      for (i = 0; i < state->numPlayers; i++)
        -: 1075:	{
    #####: 1076:	  if (i != currentPlayer)
        -: 1077:	    {
    #####: 1078:	      for (j = 0; j < state->handCount[i]; j++)
        -: 1079:		{
    #####: 1080:		  if (state->hand[i][j] == copper)
        -: 1081:		    {
    #####: 1082:		      discardCard(j, i, state, 0);
    #####: 1083:		      break;
        -: 1084:		    }
    #####: 1085:		  if (j == state->handCount[i])
        -: 1086:		    {
    #####: 1087:		      for (k = 0; k < state->handCount[i]; k++)
        -: 1088:			{
        -: 1089:			  if (DEBUG)
        -: 1090:			    printf("Player %d reveals card number %d\n", i, state->hand[i][k]);
        -: 1091:			}	
    #####: 1092:		      break;
        -: 1093:		    }		
        -: 1094:		}
        -: 1095:					
        -: 1096:	    }
        -: 1097:				
        -: 1098:	}				
        -: 1099:
        -: 1100:      //discard played card from hand
    #####: 1101:      discardCard(handPos, currentPlayer, state, 0);			
        -: 1102:
    #####: 1103:      return 0;
        -: 1104:
        -: 1105:		
        -: 1106:    case embargo: 
        -: 1107:      //+2 Coins
    #####: 1108:      state->coins = state->coins + 2;
        -: 1109:			
        -: 1110:      //see if selected pile is in play
    #####: 1111:      if ( state->supplyCount[choice1] == -1 )
        -: 1112:	{
    #####: 1113:	  return -1;
        -: 1114:	}
        -: 1115:			
        -: 1116:      //add embargo token to selected supply pile
    #####: 1117:      state->embargoTokens[choice1]++;
        -: 1118:			
        -: 1119:      //trash card
    #####: 1120:      discardCard(handPos, currentPlayer, state, 1);		
    #####: 1121:      return 0;
        -: 1122:		
        -: 1123:    case outpost:
    #####: 1124:      return outpst_func(handPos, state);
        -: 1125:		
        -: 1126:    case salvager:
        -: 1127:      //+1 buy
    #####: 1128:      state->numBuys++;
        -: 1129:			
    #####: 1130:      if (choice1)
        -: 1131:	{
        -: 1132:	  //gain coins equal to trashed card
    #####: 1133:	  state->coins = state->coins + getCost( handCard(choice1, state) );
        -: 1134:	  //trash card
    #####: 1135:	  discardCard(choice1, currentPlayer, state, 1);	
        -: 1136:	}
        -: 1137:			
        -: 1138:      //discard card
    #####: 1139:      discardCard(handPos, currentPlayer, state, 0);
    #####: 1140:      return 0;
        -: 1141:		
        -: 1142:    case sea_hag:
    #####: 1143:      return seaHag_func(handPos, state);
        -: 1144:		
        -: 1145:    case treasure_map:
        -: 1146:      //search hand for another treasure_map
    #####: 1147:      index = -1;
    #####: 1148:      for (i = 0; i < state->handCount[currentPlayer]; i++)
        -: 1149:	{
    #####: 1150:	  if (state->hand[currentPlayer][i] == treasure_map && i != handPos)
        -: 1151:	    {
    #####: 1152:	      index = i;
    #####: 1153:	      break;
        -: 1154:	    }
        -: 1155:	}
    #####: 1156:      if (index > -1)
        -: 1157:	{
        -: 1158:	  //trash both treasure cards
    #####: 1159:	  discardCard(handPos, currentPlayer, state, 1);
    #####: 1160:	  discardCard(index, currentPlayer, state, 1);
        -: 1161:
        -: 1162:	  //gain 4 Gold cards
    #####: 1163:	  for (i = 0; i < 4; i++)
        -: 1164:	    {
    #####: 1165:	      gainCard(gold, state, 1, currentPlayer);
        -: 1166:	    }
        -: 1167:				
        -: 1168:	  //return success
    #####: 1169:	  return 1;
        -: 1170:	}
        -: 1171:			
        -: 1172:      //no second treasure_map found in hand
    #####: 1173:      return -1;
        -: 1174:    }
        -: 1175:	
    #####: 1176:  return -1;
        -: 1177:}
        -: 1178:
    #####: 1179:int discardCard(int handPos, int currentPlayer, struct gameState *state, int trashFlag)
        -: 1180:{
        -: 1181:	
        -: 1182:  //if card is not trashed, added to Played pile 
    #####: 1183:  if (trashFlag < 1)
        -: 1184:    {
        -: 1185:      //add card to played pile
    #####: 1186:      state->playedCards[state->playedCardCount] = state->hand[currentPlayer][handPos]; 
    #####: 1187:      state->playedCardCount++;
        -: 1188:    }
        -: 1189:	
        -: 1190:  //set played card to -1
    #####: 1191:  state->hand[currentPlayer][handPos] = -1;
        -: 1192:	
        -: 1193:  //remove card from player's hand
    #####: 1194:  if ( handPos == (state->handCount[currentPlayer] - 1) ) 	//last card in hand array is played
        -: 1195:    {
        -: 1196:      //reduce number of cards in hand
    #####: 1197:      state->handCount[currentPlayer]--;
        -: 1198:    }
    #####: 1199:  else if ( state->handCount[currentPlayer] == 1 ) //only one card in hand
        -: 1200:    {
        -: 1201:      //reduce number of cards in hand
    #####: 1202:      state->handCount[currentPlayer]--;
        -: 1203:    }
        -: 1204:  else 	
        -: 1205:    {
        -: 1206:      //replace discarded card with last card in hand
    #####: 1207:      state->hand[currentPlayer][handPos] = state->hand[currentPlayer][ (state->handCount[currentPlayer] - 1)];
        -: 1208:      //set last card to -1
    #####: 1209:      state->hand[currentPlayer][state->handCount[currentPlayer] - 1] = -1;
        -: 1210:      //reduce number of cards in hand
    #####: 1211:      state->handCount[currentPlayer]--;
        -: 1212:    }
        -: 1213:	
    #####: 1214:  return 0;
        -: 1215:}
        -: 1216:
    #####: 1217:int gainCard(int supplyPos, struct gameState *state, int toFlag, int player)
        -: 1218:{
        -: 1219:  //Note: supplyPos is enum of choosen card
        -: 1220:	
        -: 1221:  //check if supply pile is empty (0) or card is not used in game (-1)
    #####: 1222:  if ( supplyCount(supplyPos, state) < 1 )
        -: 1223:    {
    #####: 1224:      return -1;
        -: 1225:    }
        -: 1226:	
        -: 1227:  //added card for [whoseTurn] current player:
        -: 1228:  // toFlag = 0 : add to discard
        -: 1229:  // toFlag = 1 : add to deck
        -: 1230:  // toFlag = 2 : add to hand
        -: 1231:
    #####: 1232:  if (toFlag == 1)
        -: 1233:    {
    #####: 1234:      state->deck[ player ][ state->deckCount[player] ] = supplyPos;
    #####: 1235:      state->deckCount[player]++;
        -: 1236:    }
    #####: 1237:  else if (toFlag == 2)
        -: 1238:    {
    #####: 1239:      state->hand[ player ][ state->handCount[player] ] = supplyPos;
    #####: 1240:      state->handCount[player]++;
        -: 1241:    }
        -: 1242:  else
        -: 1243:    {
    #####: 1244:      state->discard[player][ state->discardCount[player] ] = supplyPos;
    #####: 1245:      state->discardCount[player]++;
        -: 1246:    }
        -: 1247:	
        -: 1248:  //decrease number in supply pile
    #####: 1249:  state->supplyCount[supplyPos]--;
        -: 1250:	 
    #####: 1251:  return 0;
        -: 1252:}
        -: 1253:
    #####: 1254:int updateCoins(int player, struct gameState *state, int bonus)
        -: 1255:{
        -: 1256:  int i;
        -: 1257:	
        -: 1258:  //reset coin count
    #####: 1259:  state->coins = 0;
        -: 1260:
        -: 1261:  //add coins for each Treasure card in player's hand
    #####: 1262:  for (i = 0; i < state->handCount[player]; i++)
        -: 1263:    {
    #####: 1264:      if (state->hand[player][i] == copper)
        -: 1265:	{
    #####: 1266:	  state->coins += 1;
        -: 1267:	}
    #####: 1268:      else if (state->hand[player][i] == silver)
        -: 1269:	{
    #####: 1270:	  state->coins += 2;
        -: 1271:	}
    #####: 1272:      else if (state->hand[player][i] == gold)
        -: 1273:	{
    #####: 1274:	  state->coins += 3;
        -: 1275:	}	
        -: 1276:    }	
        -: 1277:
        -: 1278:  //add bonus
    #####: 1279:  state->coins += bonus;
        -: 1280:
    #####: 1281:  return 0;
        -: 1282:}
        -: 1283:
    #####: 1284:int smithy_func(int handPos, struct gameState* state)
        -: 1285:{
        -: 1286:  // Find current player and identify the number of cards to draw
    #####: 1287:  int i = 0, cards_to_draw = 4;
    #####: 1288:  int currentPlayer = whoseTurn(state);
        -: 1289:
        -: 1290:  // Loop to draw three cards
    #####: 1291:  while(i < cards_to_draw)
        -: 1292:  {
    #####: 1293:    drawCard(currentPlayer, state);
    #####: 1294:    i++;
        -: 1295:  }
        -: 1296:
        -: 1297:  // Discard the card from players hand
    #####: 1298:  discardCard(handPos, currentPlayer, state, 1);
        -: 1299:
        -: 1300:  // Return 0
    #####: 1301:  return 0;
        -: 1302:
        -: 1303:}
        -: 1304:
    10000: 1305:int adventurer_func(int handPos, struct gameState* state)
        -: 1306:{
        -: 1307:  // Find current Player and set up variable 
    10000: 1308:  int z = 0;
    10000: 1309:  int drawntreasure = 0;
        -: 1310:  int cardDrawn;
        -: 1311:  int temphand[MAX_HAND]; 
    10000: 1312:  int currentPlayer = whoseTurn(state);
        -: 1313:
  1282778: 1314:  while(drawntreasure < 2)
        -: 1315:  {
        -: 1316:    // If deck is empty, shuffle the discard pile and add it back to the deck
  1262778: 1317:    if(state ->deckCount[currentPlayer] < 1)
        -: 1318:    {
    #####: 1319:      shuffle(currentPlayer, state);
        -: 1320:    }
        -: 1321:
  1262778: 1322:    drawCard(currentPlayer, state);
        -: 1323:    // Top card is the most recently drawn card
  1262778: 1324:    cardDrawn = state->hand[currentPlayer][state->handCount[currentPlayer] - 1];
        -: 1325:
  1262778: 1326:    if(cardDrawn == copper || cardDrawn == silver || cardDrawn == gold)
        -: 1327:    {
    20000: 1328:      drawntreasure ++;
        -: 1329:    }
        -: 1330:    else
        -: 1331:    {
  1242778: 1332:      temphand[z] = cardDrawn;
        -: 1333:      // Remove top card
  1242778: 1334:      state->handCount[currentPlayer]--;
  1242778: 1335:      z++;
        -: 1336:    }
        -: 1337:  }
        -: 1338:
  1262778: 1339:  while(z-1 >= 0)
        -: 1340:  {
  1242778: 1341:    state->discard[currentPlayer][state->discardCount[currentPlayer]++] = temphand[z-1];
  1242778: 1342:    z--;
        -: 1343:  }
        -: 1344:
    10000: 1345:  return 0;
        -: 1346:
        -: 1347:}
        -: 1348:
    #####: 1349:int village_func(int handPos, struct gameState* state)
        -: 1350:{
    #####: 1351:  int currentPlayer = whoseTurn(state);
        -: 1352:
        -: 1353:  // +1 Card
    #####: 1354:  drawCard(currentPlayer, state);
        -: 1355:
        -: 1356:  // +2 Actions
    #####: 1357:  state->numActions = state -> numActions + 1;
        -: 1358:
        -: 1359:  // discardCard from Hand into trash
    #####: 1360:  discardCard(handPos, currentPlayer, state, 1);
        -: 1361:
    #####: 1362:  return 0;
        -: 1363:}
        -: 1364:
    #####: 1365:int outpst_func(int handPos, struct gameState* state)
        -: 1366:{
    #####: 1367:  int currentPlayer = whoseTurn(state);
        -: 1368:
        -: 1369:  // Set outpost flag
    #####: 1370:  state->outpostPlayed++;
        -: 1371:
        -: 1372:  // Discard Card
    #####: 1373:  discardCard(handPos, currentPlayer, state, 0);
        -: 1374:
    #####: 1375:  return 0;
        -: 1376:}
        -: 1377:
    #####: 1378:int seaHag_func(int handPos, struct gameState* state)
        -: 1379:{
    #####: 1380:  int i = 0;
    #####: 1381:  int currentPlayer = whoseTurn(state);
        -: 1382:
    #####: 1383:  for(i = 0; i < state->numPlayers; i++)
        -: 1384:  {
    #####: 1385:    if(i == currentPlayer)
        -: 1386:    {
    #####: 1387:    state->discard[i][state->discardCount[i]] = state->deck[i][state->deckCount[i]--];			    
    #####: 1388:    state->deckCount[i]--;
    #####: 1389:	  state->discardCount[i]++;
        -: 1390:
        -: 1391:    //Top card now a curse
    #####: 1392:	  state->deck[i][state->deckCount[i]-2] = curse;
        -: 1393:    }
        -: 1394:  }
        -: 1395:
    #####: 1396:  return 0;
        -: 1397:}
        -: 1398://end of dominion.c
        -: 1399:
